TN:
SF:C:\vue\ifuser\project\documino\src\components\pagination\Paginator.vue
FNF:0
FNH:0
DA:26,1
LF:1
LH:1
BRF:0
BRH:0
end_of_record
TN:
SF:C:\vue\ifuser\project\documino\src\components\Start.vue
FNF:0
FNH:0
DA:16,1
LF:1
LH:1
BRF:0
BRH:0
end_of_record
TN:
SF:C:\vue\ifuser\project\documino\src\App.vue
FNF:0
FNH:0
LF:0
LH:0
BRF:0
BRH:0
end_of_record
TN:
SF:C:\vue\ifuser\project\documino\src\components\buttons\Btn-connected-document.vue
FNF:0
FNH:0
DA:17,0
LF:1
LH:0
BRF:0
BRH:0
end_of_record
TN:
SF:C:\vue\ifuser\project\documino\src\components\buttons\Btn-new-document.vue
FNF:0
FNH:0
DA:20,0
LF:1
LH:0
BRF:0
BRH:0
end_of_record
TN:
SF:C:\vue\ifuser\project\documino\src\components\buttons\Btn-toggle-line.vue
FNF:0
FNH:0
LF:0
LH:0
BRF:0
BRH:0
end_of_record
TN:
SF:C:\vue\ifuser\project\documino\src\components\buttons\Btn-toggle-log.vue
FNF:0
FNH:0
LF:0
LH:0
BRF:0
BRH:0
end_of_record
TN:
SF:C:\vue\ifuser\project\documino\src\components\doc_elements\Actions-document.vue
FNF:0
FNH:0
LF:0
LH:0
BRF:0
BRH:0
end_of_record
TN:
SF:C:\vue\ifuser\project\documino\src\components\doc_elements\Document-card-log.vue
FNF:0
FNH:0
LF:0
LH:0
BRF:0
BRH:0
end_of_record
TN:
SF:C:\vue\ifuser\project\documino\src\components\doc_elements\Document-frame.vue
FNF:0
FNH:0
LF:0
LH:0
BRF:0
BRH:0
end_of_record
TN:
SF:C:\vue\ifuser\project\documino\src\components\doc_elements\Document-log.vue
FNF:0
FNH:0
DA:36,0
LF:1
LH:0
BRF:0
BRH:0
end_of_record
TN:
SF:C:\vue\ifuser\project\documino\src\components\doc_elements\Document-properti-tab.vue
FNF:0
FNH:0
LF:0
LH:0
BRF:0
BRH:0
end_of_record
TN:
SF:C:\vue\ifuser\project\documino\src\components\doc_elements\Document-status.vue
FNF:0
FNH:0
LF:0
LH:0
BRF:0
BRH:0
end_of_record
TN:
SF:C:\vue\ifuser\project\documino\src\components\filter\Document-filter.vue
FNF:0
FNH:0
LF:0
LH:0
BRF:0
BRH:0
end_of_record
TN:
SF:C:\vue\ifuser\project\documino\src\components\navbars\Document-central-bar.vue
FNF:0
FNH:0
LF:0
LH:0
BRF:0
BRH:0
end_of_record
TN:
SF:C:\vue\ifuser\project\documino\src\components\navbars\Document-properti-bar.vue
FNF:0
FNH:0
DA:95,0
LF:1
LH:0
BRF:0
BRH:0
end_of_record
TN:
SF:C:\vue\ifuser\project\documino\src\components\navbars\Left-sidebar.vue
FNF:0
FNH:0
LF:0
LH:0
BRF:0
BRH:0
end_of_record
TN:
SF:C:\vue\ifuser\project\documino\src\components\navbars\Menu-left-accordeon.vue
FNF:0
FNH:0
DA:43,0
LF:1
LH:0
BRF:0
BRH:0
end_of_record
TN:
SF:C:\vue\ifuser\project\documino\src\components\navbars\Menu-left-accordeon-journal.vue
FNF:0
FNH:0
DA:43,0
LF:1
LH:0
BRF:0
BRH:0
end_of_record
TN:
SF:C:\vue\ifuser\project\documino\src\components\navbars\Nav-tabs.vue
FNF:0
FNH:0
DA:39,0
DA:46,0
LF:2
LH:0
BRF:0
BRH:0
end_of_record
TN:
SF:C:\vue\ifuser\project\documino\src\components\navbars\Task-bar.vue
FNF:0
FNH:0
DA:54,0
LF:1
LH:0
BRF:0
BRH:0
end_of_record
TN:
SF:C:\vue\ifuser\project\documino\src\components\navbars\Top-navbar.vue
FNF:0
FNH:0
LF:0
LH:0
BRF:0
BRH:0
end_of_record
TN:
SF:C:\vue\ifuser\project\documino\src\components\pages\CardDocument.vue
FNF:0
FNH:0
DA:50,0
LF:1
LH:0
BRF:0
BRH:0
end_of_record
TN:
SF:C:\vue\ifuser\project\documino\src\components\pages\ListDocument.vue
FNF:0
FNH:0
DA:23,0
LF:1
LH:0
BRF:0
BRH:0
end_of_record
TN:
SF:C:\vue\ifuser\project\documino\src\components\tables\TableDoc.vue
FNF:0
FNH:0
DA:66,0
LF:1
LH:0
BRF:0
BRH:0
end_of_record
TN:
SF:C:\vue\ifuser\project\documino\src\components\tables\table-status-doc.vue
FNF:0
FNH:0
LF:0
LH:0
BRF:0
BRH:0
end_of_record
TN:
SF:C:\vue\ifuser\project\documino\src\router\index.js
FNF:0
FNH:0
DA:7,1
LF:1
LH:1
BRF:0
BRH:0
end_of_record
